<?xml version="1.0" encoding="UTF-8"?>
<!-- Generated by org.testng.reporters.JUnitXMLReporter -->
<testsuite ignored="0" hostname="Zeeshan-Dell" failures="0" tests="4" name="Test_Scenarios" time="15.55" errors="0" timestamp="2021-08-07T18:28:00 AEST">
  <testcase classname="com.ebay.carSEARCH._04_01_ITestListener_Test_Cases_Having_Scenarios" name="openBrowser" time="3.095"/>
  <testcase classname="com.ebay.carSEARCH._04_01_ITestListener_Test_Cases_Having_Scenarios" name="carSearching" time="5.736"/>
  <testcase classname="com.ebay.carSEARCH._04_01_ITestListener_Test_Cases_Having_Scenarios" name="carDetails" time="6.459"/>
  <testcase classname="com.ebay.carSEARCH._04_01_ITestListener_Test_Cases_Having_Scenarios" name="browserQuit" time="0.216"/>
</testsuite> <!-- Test_Scenarios -->
