<?xml version="1.0" encoding="UTF-8"?>
<testsuite name="TestSuite" time="17.082" tests="4" errors="0" skipped="0" failures="0">
  <properties>
[...]
</properties>
  <testcase name="openBrowser" classname="com.ebay.carSEARCH._04_01_ITestListener_Test_Cases_Having_Scenarios" time="4.101"/>
  <testcase name="carSearching" classname="com.ebay.carSEARCH._04_01_ITestListener_Test_Cases_Having_Scenarios" time="6.3"/>
  <testcase name="carDetails" classname="com.ebay.carSEARCH._04_01_ITestListener_Test_Cases_Having_Scenarios" time="6.457"/>
  <testcase name="browserQuit" classname="com.ebay.carSEARCH._04_01_ITestListener_Test_Cases_Having_Scenarios" time="0.224"/>
</testsuite>