<?xml version="1.0" encoding="UTF-8"?>
<testng-results ignored="0" total="4" passed="4" failed="0" skipped="0">
  <reporter-output>
  </reporter-output>
  <suite started-at="2021-08-07T18:27:45 AEST" name="Suite_Scenarios" finished-at="2021-08-07T18:28:00 AEST" duration-ms="15550">
    <groups>
    </groups>
    <test started-at="2021-08-07T18:27:45 AEST" name="Test_Scenarios" finished-at="2021-08-07T18:28:00 AEST" duration-ms="15550">
      <class name="com.ebay.carSEARCH._04_01_ITestListener_Test_Cases_Having_Scenarios">
        <test-method signature="openBrowser()[pri:0, instance:com.ebay.carSEARCH._04_01_ITestListener_Test_Cases_Having_Scenarios@37654521]" started-at="2021-08-07T18:27:45 AEST" name="openBrowser" finished-at="2021-08-07T18:27:48 AEST" duration-ms="3095" status="PASS">
          <reporter-output>
          </reporter-output>
        </test-method> <!-- openBrowser -->
        <test-method signature="carSearching()[pri:0, instance:com.ebay.carSEARCH._04_01_ITestListener_Test_Cases_Having_Scenarios@37654521]" started-at="2021-08-07T18:27:48 AEST" name="carSearching" finished-at="2021-08-07T18:27:54 AEST" depends-on-methods="com.ebay.carSEARCH._04_01_ITestListener_Test_Cases_Having_Scenarios.openBrowser" duration-ms="5736" status="PASS">
          <reporter-output>
          </reporter-output>
        </test-method> <!-- carSearching -->
        <test-method signature="carDetails()[pri:0, instance:com.ebay.carSEARCH._04_01_ITestListener_Test_Cases_Having_Scenarios@37654521]" started-at="2021-08-07T18:27:54 AEST" name="carDetails" finished-at="2021-08-07T18:28:00 AEST" depends-on-methods="com.ebay.carSEARCH._04_01_ITestListener_Test_Cases_Having_Scenarios.carSearching" duration-ms="6459" status="PASS">
          <reporter-output>
          </reporter-output>
        </test-method> <!-- carDetails -->
        <test-method signature="browserQuit()[pri:0, instance:com.ebay.carSEARCH._04_01_ITestListener_Test_Cases_Having_Scenarios@37654521]" started-at="2021-08-07T18:28:00 AEST" name="browserQuit" finished-at="2021-08-07T18:28:00 AEST" depends-on-methods="com.ebay.carSEARCH._04_01_ITestListener_Test_Cases_Having_Scenarios.carDetails" duration-ms="216" status="PASS">
          <reporter-output>
          </reporter-output>
        </test-method> <!-- browserQuit -->
      </class> <!-- com.ebay.carSEARCH._04_01_ITestListener_Test_Cases_Having_Scenarios -->
    </test> <!-- Test_Scenarios -->
  </suite> <!-- Suite_Scenarios -->
</testng-results>
